<?xml version="1.0" encoding="UTF-8"?>
<!-- Generated by org.testng.reporters.JUnitReportReporter -->
<testsuite hostname="LAPTOP-7A6BVKFP" failures="0" tests="1" name="Automation.AppiumE2EFrameworkAndroid.eCommerceTestCase4_Hybrid" time="18.883" errors="0" timestamp="2022-08-24T23:14:15 IST" skipped="0">
  <testcase classname="Automation.AppiumE2EFrameworkAndroid.eCommerceTestCase4_Hybrid" name="FillForm" time="18.883"/>
  <system-out/>
</testsuite> <!-- Automation.AppiumE2EFrameworkAndroid.eCommerceTestCase4_Hybrid -->
